This is pdfTeX, Version 3.14159265-2.6-1.40.18 (TeX Live 2017) (preloaded format=pdflatex 2017.5.23)  23 JUL 2018 15:59
entering extended mode
 restricted \write18 enabled.
 %&-line parsing enabled.
**aaai2019-rane.tex
(./aaai2019-rane.tex
LaTeX2e <2017-04-15>
Babel <3.10> and hyphenation patterns for 84 language(s) loaded.
(/usr/local/texlive/2017/texmf-dist/tex/latex/base/article.cls
Document Class: article 2014/09/29 v1.4h Standard LaTeX document class
(/usr/local/texlive/2017/texmf-dist/tex/latex/base/size10.clo
File: size10.clo 2014/09/29 v1.4h Standard LaTeX file (size option)
)
\c@part=\count79
\c@section=\count80
\c@subsection=\count81
\c@subsubsection=\count82
\c@paragraph=\count83
\c@subparagraph=\count84
\c@figure=\count85
\c@table=\count86
\abovecaptionskip=\skip41
\belowcaptionskip=\skip42
\bibindent=\dimen102
) (./aaai.sty
Conference Style for AAAI for LaTeX 2e -- version of 1 January 2015
\titlebox=\skip43
) (/usr/local/texlive/2017/texmf-dist/tex/latex/psnfss/times.sty
Package: times 2005/04/12 PSNFSS-v9.2a (SPQR) 
)
(/usr/local/texlive/2017/texmf-dist/tex/latex/psnfss/helvet.sty
Package: helvet 2005/04/12 PSNFSS-v9.2a (WaS) 

(/usr/local/texlive/2017/texmf-dist/tex/latex/graphics/keyval.sty
Package: keyval 2014/10/28 v1.15 key=value parser (DPC)
\KV@toks@=\toks14
))
(/usr/local/texlive/2017/texmf-dist/tex/latex/psnfss/courier.sty
Package: courier 2005/04/12 PSNFSS-v9.2a (WaS) 
)
(/usr/local/texlive/2017/texmf-dist/tex/latex/adjustbox/adjustbox.sty
Package: adjustbox 2012/05/21 v1.0 Adjusting TeX boxes (trim, clip, ...)

(/usr/local/texlive/2017/texmf-dist/tex/latex/xkeyval/xkeyval.sty
Package: xkeyval 2014/12/03 v2.7a package option processing (HA)

(/usr/local/texlive/2017/texmf-dist/tex/generic/xkeyval/xkeyval.tex
(/usr/local/texlive/2017/texmf-dist/tex/generic/xkeyval/xkvutils.tex
\XKV@toks=\toks15
\XKV@tempa@toks=\toks16
)
\XKV@depth=\count87
File: xkeyval.tex 2014/12/03 v2.7a key=value parser (HA)
))
(/usr/local/texlive/2017/texmf-dist/tex/latex/adjustbox/adjcalc.sty
Package: adjcalc 2012/05/16 v1.1 Provides advanced setlength with multiple back
-ends (calc, etex, pgfmath)
)
(/usr/local/texlive/2017/texmf-dist/tex/latex/adjustbox/trimclip.sty
Package: trimclip 2012/05/16 v1.0 Trim and clip general TeX material

(/usr/local/texlive/2017/texmf-dist/tex/latex/graphics/graphicx.sty
Package: graphicx 2014/10/28 v1.0g Enhanced LaTeX Graphics (DPC,SPQR)

(/usr/local/texlive/2017/texmf-dist/tex/latex/graphics/graphics.sty
Package: graphics 2017/04/14 v1.1b Standard LaTeX Graphics (DPC,SPQR)

(/usr/local/texlive/2017/texmf-dist/tex/latex/graphics/trig.sty
Package: trig 2016/01/03 v1.10 sin cos tan (DPC)
)
(/usr/local/texlive/2017/texmf-dist/tex/latex/graphics-cfg/graphics.cfg
File: graphics.cfg 2016/06/04 v1.11 sample graphics configuration
)
Package graphics Info: Driver file: pdftex.def on input line 99.

(/usr/local/texlive/2017/texmf-dist/tex/latex/graphics-def/pdftex.def
File: pdftex.def 2017/01/12 v0.06k Graphics/color for pdfTeX

(/usr/local/texlive/2017/texmf-dist/tex/generic/oberdiek/infwarerr.sty
Package: infwarerr 2016/05/16 v1.4 Providing info/warning/error messages (HO)
)
(/usr/local/texlive/2017/texmf-dist/tex/generic/oberdiek/ltxcmds.sty
Package: ltxcmds 2016/05/16 v1.23 LaTeX kernel commands for general use (HO)
)
\Gread@gobject=\count88
))
\Gin@req@height=\dimen103
\Gin@req@width=\dimen104
)
(/usr/local/texlive/2017/texmf-dist/tex/latex/collectbox/collectbox.sty
Package: collectbox 2012/05/17 v0.4b Collect macro arguments as boxes
\collectedbox=\box26
)
\tc@llx=\dimen105
\tc@lly=\dimen106
\tc@urx=\dimen107
\tc@ury=\dimen108
Package trimclip Info: Using driver 'tc-pdftex.def'.

(/usr/local/texlive/2017/texmf-dist/tex/latex/adjustbox/tc-pdftex.def
File: tc-pdftex.def 2012/05/13 v1.0 Clipping driver for pdftex
))
\adjbox@Width=\dimen109
\adjbox@Height=\dimen110
\adjbox@Depth=\dimen111
\adjbox@Totalheight=\dimen112

(/usr/local/texlive/2017/texmf-dist/tex/latex/ifoddpage/ifoddpage.sty
Package: ifoddpage 2016/04/23 v1.1 Conditionals for odd/even page detection
\c@checkoddpage=\count89
)
(/usr/local/texlive/2017/texmf-dist/tex/latex/varwidth/varwidth.sty
Package: varwidth 2009/03/30 ver 0.92;  Variable-width minipages
\@vwid@box=\box27
\sift@deathcycles=\count90
\@vwid@loff=\dimen113
\@vwid@roff=\dimen114
))
(/usr/local/texlive/2017/texmf-dist/tex/latex/graphics/color.sty
Package: color 2016/07/10 v1.1e Standard LaTeX Color (DPC)

(/usr/local/texlive/2017/texmf-dist/tex/latex/graphics-cfg/color.cfg
File: color.cfg 2016/01/02 v1.6 sample color configuration
)
Package color Info: Driver file: pdftex.def on input line 147.
)
(/usr/local/texlive/2017/texmf-dist/tex/latex/amsfonts/amssymb.sty
Package: amssymb 2013/01/14 v3.01 AMS font symbols

(/usr/local/texlive/2017/texmf-dist/tex/latex/amsfonts/amsfonts.sty
Package: amsfonts 2013/01/14 v3.01 Basic AMSFonts support
\@emptytoks=\toks17
\symAMSa=\mathgroup4
\symAMSb=\mathgroup5
LaTeX Font Info:    Overwriting math alphabet `\mathfrak' in version `bold'
(Font)                  U/euf/m/n --> U/euf/b/n on input line 106.
))
(/usr/local/texlive/2017/texmf-dist/tex/latex/amsmath/amsmath.sty
Package: amsmath 2016/11/05 v2.16a AMS math features
\@mathmargin=\skip44

For additional information on amsmath, use the `?' option.
(/usr/local/texlive/2017/texmf-dist/tex/latex/amsmath/amstext.sty
Package: amstext 2000/06/29 v2.01 AMS text

(/usr/local/texlive/2017/texmf-dist/tex/latex/amsmath/amsgen.sty
File: amsgen.sty 1999/11/30 v2.0 generic functions
\@emptytoks=\toks18
\ex@=\dimen115
))
(/usr/local/texlive/2017/texmf-dist/tex/latex/amsmath/amsbsy.sty
Package: amsbsy 1999/11/29 v1.2d Bold Symbols
\pmbraise@=\dimen116
)
(/usr/local/texlive/2017/texmf-dist/tex/latex/amsmath/amsopn.sty
Package: amsopn 2016/03/08 v2.02 operator names
)
\inf@bad=\count91
LaTeX Info: Redefining \frac on input line 213.
\uproot@=\count92
\leftroot@=\count93
LaTeX Info: Redefining \overline on input line 375.
\classnum@=\count94
\DOTSCASE@=\count95
LaTeX Info: Redefining \ldots on input line 472.
LaTeX Info: Redefining \dots on input line 475.
LaTeX Info: Redefining \cdots on input line 596.
\Mathstrutbox@=\box28
\strutbox@=\box29
\big@size=\dimen117
LaTeX Font Info:    Redeclaring font encoding OML on input line 712.
LaTeX Font Info:    Redeclaring font encoding OMS on input line 713.
\macc@depth=\count96
\c@MaxMatrixCols=\count97
\dotsspace@=\muskip10
\c@parentequation=\count98
\dspbrk@lvl=\count99
\tag@help=\toks19
\row@=\count100
\column@=\count101
\maxfields@=\count102
\andhelp@=\toks20
\eqnshift@=\dimen118
\alignsep@=\dimen119
\tagshift@=\dimen120
\tagwidth@=\dimen121
\totwidth@=\dimen122
\lineht@=\dimen123
\@envbody=\toks21
\multlinegap=\skip45
\multlinetaggap=\skip46
\mathdisplay@stack=\toks22
LaTeX Info: Redefining \[ on input line 2817.
LaTeX Info: Redefining \] on input line 2818.
)
(/usr/local/texlive/2017/texmf-dist/tex/latex/blindtext/blindtext.sty
Package: blindtext 2012/01/06 V2.0 blindtext-Package

(/usr/local/texlive/2017/texmf-dist/tex/latex/tools/xspace.sty
Package: xspace 2014/10/28 v1.13 Space after command names (DPC,MH)
)
\c@blindtext=\count103
\c@Blindtext=\count104
\c@blind@countparstart=\count105
\blind@countxx=\count106
\blindtext@numBlindtext=\count107
\blind@countyy=\count108
\c@blindlist=\count109
\c@blindlistlevel=\count110
\c@blindlist@level=\count111
\blind@listitem=\count112
\c@blind@listcount=\count113
\c@blind@levelcount=\count114
\blind@mathformula=\count115
\blind@Mathformula=\count116
\c@blind@randomcount=\count117
\c@blind@randommax=\count118
\c@blind@pangramcount=\count119
\c@blind@pangrammax=\count120
)
(/usr/local/texlive/2017/texmf-dist/tex/latex/tools/multicol.sty
Package: multicol 2017/04/11 v1.8q multicolumn formatting (FMi)
\c@tracingmulticols=\count121
\mult@box=\box30
\multicol@leftmargin=\dimen124
\c@unbalance=\count122
\c@collectmore=\count123
\doublecol@number=\count124
\multicoltolerance=\count125
\multicolpretolerance=\count126
\full@width=\dimen125
\page@free=\dimen126
\premulticols=\dimen127
\postmulticols=\dimen128
\multicolsep=\skip47
\multicolbaselineskip=\skip48
\partial@page=\box31
\last@line=\box32
\maxbalancingoverflow=\dimen129
\mult@rightbox=\box33
\mult@grightbox=\box34
\mult@gfirstbox=\box35
\mult@firstbox=\box36
\@tempa=\box37
\@tempa=\box38
\@tempa=\box39
\@tempa=\box40
\@tempa=\box41
\@tempa=\box42
\@tempa=\box43
\@tempa=\box44
\@tempa=\box45
\@tempa=\box46
\@tempa=\box47
\@tempa=\box48
\@tempa=\box49
\@tempa=\box50
\@tempa=\box51
\@tempa=\box52
\@tempa=\box53
\c@columnbadness=\count127
\c@finalcolumnbadness=\count128
\last@try=\dimen130
\multicolovershoot=\dimen131
\multicolundershoot=\dimen132
\mult@nat@firstbox=\box54
\colbreak@box=\box55
\mc@col@check@num=\count129
)
(/usr/local/texlive/2017/texmf-dist/tex/latex/multirow/multirow.sty
Package: multirow 2016/11/25 v2.2 Span multiple rows of a table
\multirow@colwidth=\skip49
\multirow@cntb=\count130
\multirow@dima=\skip50
\bigstrutjot=\dimen133
)
(/usr/local/texlive/2017/texmf-dist/tex/latex/jknapltx/mathrsfs.sty
Package: mathrsfs 1996/01/01 Math RSFS package v1.0 (jk)
\symrsfs=\mathgroup6
)
(/usr/local/texlive/2017/texmf-dist/tex/latex/bbm-macros/bbm.sty
Package: bbm 1999/03/15 V 1.2 provides fonts for set symbols - TH
LaTeX Font Info:    Overwriting math alphabet `\mathbbm' in version `bold'
(Font)                  U/bbm/m/n --> U/bbm/bx/n on input line 33.
LaTeX Font Info:    Overwriting math alphabet `\mathbbmss' in version `bold'
(Font)                  U/bbmss/m/n --> U/bbmss/bx/n on input line 35.
)
(/usr/local/texlive/2017/texmf-dist/tex/latex/url/url.sty
\Urlmuskip=\muskip11
Package: url 2013/09/16  ver 3.4  Verb mode for urls, etc.
)
(/usr/local/texlive/2017/texmf-dist/tex/latex/tools/bm.sty
Package: bm 2017/01/16 v1.2c Bold Symbol Support (DPC/FMi)
\symboldoperators=\mathgroup7
\symboldletters=\mathgroup8
\symboldsymbols=\mathgroup9
LaTeX Font Info:    Redeclaring math alphabet \mathbf on input line 141.
LaTeX Info: Redefining \bm on input line 207.
)
(/usr/local/texlive/2017/texmf-dist/tex/generic/babel/babel.sty
Package: babel 2017/05/19 3.10 The Babel package

(/usr/local/texlive/2017/texmf-dist/tex/generic/babel-english/english.ldf
Language: english 2017/01/24 v3.3q English support from the babel system

(/usr/local/texlive/2017/texmf-dist/tex/generic/babel/babel.def
File: babel.def 2017/05/19 3.10 Babel common definitions
\babel@savecnt=\count131
\U@D=\dimen134
)
\l@canadian = a dialect from \language\l@american 
\l@australian = a dialect from \language\l@british 
\l@newzealand = a dialect from \language\l@british 
))
(/usr/local/texlive/2017/texmf-dist/tex/latex/booktabs/booktabs.sty
Package: booktabs 2016/04/27 v1.618033 publication quality tables
\heavyrulewidth=\dimen135
\lightrulewidth=\dimen136
\cmidrulewidth=\dimen137
\belowrulesep=\dimen138
\belowbottomsep=\dimen139
\aboverulesep=\dimen140
\abovetopsep=\dimen141
\cmidrulesep=\dimen142
\cmidrulekern=\dimen143
\defaultaddspace=\dimen144
\@cmidla=\count132
\@cmidlb=\count133
\@aboverulesep=\dimen145
\@belowrulesep=\dimen146
\@thisruleclass=\count134
\@lastruleclass=\count135
\@thisrulewidth=\dimen147
)
(/usr/local/texlive/2017/texmf-dist/tex/latex/subfig/subfig.sty
Package: subfig 2005/06/28 ver: 1.3 subfig package

(/usr/local/texlive/2017/texmf-dist/tex/latex/caption/caption.sty
Package: caption 2016/02/21 v3.3-144 Customizing captions (AR)

(/usr/local/texlive/2017/texmf-dist/tex/latex/caption/caption3.sty
Package: caption3 2016/05/22 v1.7-166 caption3 kernel (AR)
Package caption3 Info: TeX engine: e-TeX on input line 67.
\captionmargin=\dimen148
\captionmargin@=\dimen149
\captionwidth=\dimen150
\caption@tempdima=\dimen151
\caption@indent=\dimen152
\caption@parindent=\dimen153
\caption@hangindent=\dimen154
)
\c@ContinuedFloat=\count136
)
\c@KVtest=\count137
\sf@farskip=\skip51
\sf@captopadj=\dimen155
\sf@capskip=\skip52
\sf@nearskip=\skip53
\c@subfigure=\count138
\c@subfigure@save=\count139
\c@lofdepth=\count140
\c@subtable=\count141
\c@subtable@save=\count142
\c@lotdepth=\count143
\sf@top=\skip54
\sf@bottom=\skip55
)
(/usr/local/texlive/2017/texmf-dist/tex/latex/amscls/amsthm.sty
Package: amsthm 2015/03/04 v2.20.2
\thm@style=\toks23
\thm@bodyfont=\toks24
\thm@headfont=\toks25
\thm@notefont=\toks26
\thm@headpunct=\toks27
\thm@preskip=\skip56
\thm@postskip=\skip57
\thm@headsep=\skip58
\dth@everypar=\toks28
)
(/usr/local/texlive/2017/texmf-dist/tex/latex/algorithms/algorithm.sty
Package: algorithm 2009/08/24 v0.1 Document Style `algorithm' - floating enviro
nment

(/usr/local/texlive/2017/texmf-dist/tex/latex/float/float.sty
Package: float 2001/11/08 v1.3d Float enhancements (AL)
\c@float@type=\count144
\float@exts=\toks29
\float@box=\box56
\@float@everytoks=\toks30
\@floatcapt=\box57
)
(/usr/local/texlive/2017/texmf-dist/tex/latex/base/ifthen.sty
Package: ifthen 2014/09/29 v1.1c Standard LaTeX ifthen package (DPC)
)
\@float@every@algorithm=\toks31
\c@algorithm=\count145
)
(/usr/local/texlive/2017/texmf-dist/tex/latex/paralist/paralist.sty
Package: paralist 2017/01/22 v2.7 Extended list environments
\pltopsep=\skip59
\plpartopsep=\skip60
\plitemsep=\skip61
\plparsep=\skip62
\pl@lab=\toks32
)
(/usr/local/texlive/2017/texmf-dist/tex/latex/algorithmicx/algorithmicx.sty
Package: algorithmicx 2005/04/27 v1.2 Algorithmicx

Document Style algorithmicx 1.2 - a greatly improved `algorithmic' style
\c@ALG@line=\count146
\c@ALG@rem=\count147
\c@ALG@nested=\count148
\ALG@tlm=\skip63
\ALG@thistlm=\skip64
\c@ALG@Lnr=\count149
\c@ALG@blocknr=\count150
\c@ALG@storecount=\count151
\c@ALG@tmpcounter=\count152
\ALG@tmplength=\skip65
) (/usr/local/texlive/2017/texmf-dist/tex/latex/algorithmicx/algpseudocode.sty
Package: algpseudocode 

Document Style - pseudocode environments for use with the `algorithmicx' style
) (/usr/local/texlive/2017/texmf-dist/tex/latex/mathtools/mathtools.sty
Package: mathtools 2015/11/12 v1.18 mathematical typesetting tools

(/usr/local/texlive/2017/texmf-dist/tex/latex/tools/calc.sty
Package: calc 2014/10/28 v4.3 Infix arithmetic (KKT,FJ)
\calc@Acount=\count153
\calc@Bcount=\count154
\calc@Adimen=\dimen156
\calc@Bdimen=\dimen157
\calc@Askip=\skip66
\calc@Bskip=\skip67
LaTeX Info: Redefining \setlength on input line 80.
LaTeX Info: Redefining \addtolength on input line 81.
\calc@Ccount=\count155
\calc@Cskip=\skip68
)
(/usr/local/texlive/2017/texmf-dist/tex/latex/mathtools/mhsetup.sty
Package: mhsetup 2010/01/21 v1.2a programming setup (MH)
)
LaTeX Info: Thecontrolsequence`\('isalreadyrobust on input line 129.
LaTeX Info: Thecontrolsequence`\)'isalreadyrobust on input line 129.
LaTeX Info: Thecontrolsequence`\['isalreadyrobust on input line 129.
LaTeX Info: Thecontrolsequence`\]'isalreadyrobust on input line 129.
\g_MT_multlinerow_int=\count156
\l_MT_multwidth_dim=\dimen158
\origjot=\skip69
\l_MT_shortvdotswithinadjustabove_dim=\dimen159
\l_MT_shortvdotswithinadjustbelow_dim=\dimen160
\l_MT_above_intertext_sep=\dimen161
\l_MT_below_intertext_sep=\dimen162
\l_MT_above_shortintertext_sep=\dimen163
\l_MT_below_shortintertext_sep=\dimen164
)
(/usr/local/texlive/2017/texmf-dist/tex/latex/colortbl/colortbl.sty
Package: colortbl 2012/02/13 v1.0a Color table columns (DPC)

(/usr/local/texlive/2017/texmf-dist/tex/latex/tools/array.sty
Package: array 2016/10/06 v2.4d Tabular extension package (FMi)
\col@sep=\dimen165
\extrarowheight=\dimen166
\NC@list=\toks33
\extratabsurround=\skip70
\backup@length=\skip71
)
\everycr=\toks34
\minrowclearance=\skip72
)
\c@definition=\count157
\c@problem=\count158
\c@theorem=\count159
\c@corollary=\count160

(./aaai2019-rane.aux)
\openout1 = `aaai2019-rane.aux'.

LaTeX Font Info:    Checking defaults for OML/cmm/m/it on input line 51.
LaTeX Font Info:    ... okay on input line 51.
LaTeX Font Info:    Checking defaults for T1/cmr/m/n on input line 51.
LaTeX Font Info:    ... okay on input line 51.
LaTeX Font Info:    Checking defaults for OT1/cmr/m/n on input line 51.
LaTeX Font Info:    ... okay on input line 51.
LaTeX Font Info:    Checking defaults for OMS/cmsy/m/n on input line 51.
LaTeX Font Info:    ... okay on input line 51.
LaTeX Font Info:    Checking defaults for OMX/cmex/m/n on input line 51.
LaTeX Font Info:    ... okay on input line 51.
LaTeX Font Info:    Checking defaults for U/cmr/m/n on input line 51.
LaTeX Font Info:    ... okay on input line 51.
LaTeX Font Info:    Try loading font information for OT1+ptm on input line 51.

(/usr/local/texlive/2017/texmf-dist/tex/latex/psnfss/ot1ptm.fd
File: ot1ptm.fd 2001/06/04 font definitions for OT1/ptm.
)
(/usr/local/texlive/2017/texmf-dist/tex/context/base/mkii/supp-pdf.mkii
[Loading MPS to PDF converter (version 2006.09.02).]
\scratchcounter=\count161
\scratchdimen=\dimen167
\scratchbox=\box58
\nofMPsegments=\count162
\nofMParguments=\count163
\everyMPshowfont=\toks35
\MPscratchCnt=\count164
\MPscratchDim=\dimen168
\MPnumerator=\count165
\makeMPintoPDFobject=\count166
\everyMPtoPDFconversion=\toks36
) (/usr/local/texlive/2017/texmf-dist/tex/generic/oberdiek/pdftexcmds.sty
Package: pdftexcmds 2017/03/19 v0.25 Utility functions of pdfTeX for LuaTeX (HO
)

(/usr/local/texlive/2017/texmf-dist/tex/generic/oberdiek/ifluatex.sty
Package: ifluatex 2016/05/16 v1.4 Provides the ifluatex switch (HO)
Package ifluatex Info: LuaTeX not detected.
)
(/usr/local/texlive/2017/texmf-dist/tex/generic/oberdiek/ifpdf.sty
Package: ifpdf 2017/03/15 v3.2 Provides the ifpdf switch
)
Package pdftexcmds Info: LuaTeX not detected.
Package pdftexcmds Info: \pdf@primitive is available.
Package pdftexcmds Info: \pdf@ifprimitive is available.
Package pdftexcmds Info: \pdfdraftmode found.
)
(/usr/local/texlive/2017/texmf-dist/tex/latex/oberdiek/epstopdf-base.sty
Package: epstopdf-base 2016/05/15 v2.6 Base part for package epstopdf

(/usr/local/texlive/2017/texmf-dist/tex/latex/oberdiek/grfext.sty
Package: grfext 2016/05/16 v1.2 Manage graphics extensions (HO)

(/usr/local/texlive/2017/texmf-dist/tex/generic/oberdiek/kvdefinekeys.sty
Package: kvdefinekeys 2016/05/16 v1.4 Define keys (HO)
))
(/usr/local/texlive/2017/texmf-dist/tex/latex/oberdiek/kvoptions.sty
Package: kvoptions 2016/05/16 v3.12 Key value format for package options (HO)

(/usr/local/texlive/2017/texmf-dist/tex/generic/oberdiek/kvsetkeys.sty
Package: kvsetkeys 2016/05/16 v1.17 Key value parser (HO)

(/usr/local/texlive/2017/texmf-dist/tex/generic/oberdiek/etexcmds.sty
Package: etexcmds 2016/05/16 v1.6 Avoid name clashes with e-TeX commands (HO)
Package etexcmds Info: Could not find \expanded.
(etexcmds)             That can mean that you are not using pdfTeX 1.50 or
(etexcmds)             that some package has redefined \expanded.
(etexcmds)             In the latter case, load this package earlier.
)))
Package epstopdf-base Info: Redefining graphics rule for `.eps' on input line 4
38.
Package grfext Info: Graphics extension search list:
(grfext)             [.png,.pdf,.jpg,.mps,.jpeg,.jbig2,.jb2,.PNG,.PDF,.JPG,.JPE
G,.JBIG2,.JB2,.eps]
(grfext)             \AppendGraphicsExtensions on input line 456.

(/usr/local/texlive/2017/texmf-dist/tex/latex/latexconfig/epstopdf-sys.cfg
File: epstopdf-sys.cfg 2010/07/13 v1.3 Configuration of (r)epstopdf for TeX Liv
e
))
Package caption Info: Begin \AtBeginDocument code.
Package caption Info: subfig package v1.3 is loaded.
Package caption Info: float package is loaded.
Package caption Info: End \AtBeginDocument code.
LaTeX Font Info:    Font shape `OT1/ptm/bx/n' in size <14.4> not available
(Font)              Font shape `OT1/ptm/b/n' tried instead on input line 62.
LaTeX Font Info:    Try loading font information for U+msa on input line 62.

(/usr/local/texlive/2017/texmf-dist/tex/latex/amsfonts/umsa.fd
File: umsa.fd 2013/01/14 v3.01 AMS symbols A
)
LaTeX Font Info:    Try loading font information for U+msb on input line 62.

(/usr/local/texlive/2017/texmf-dist/tex/latex/amsfonts/umsb.fd
File: umsb.fd 2013/01/14 v3.01 AMS symbols B
)
LaTeX Font Info:    Try loading font information for U+rsfs on input line 62.

(/usr/local/texlive/2017/texmf-dist/tex/latex/jknapltx/ursfs.fd
File: ursfs.fd 1998/03/24 rsfs font definition file (jk)
)
LaTeX Font Info:    Font shape `OT1/ptm/bx/n' in size <12> not available
(Font)              Font shape `OT1/ptm/b/n' tried instead on input line 62.
LaTeX Font Info:    Try loading font information for OMS+ptm on input line 62.

(/usr/local/texlive/2017/texmf-dist/tex/latex/psnfss/omsptm.fd
File: omsptm.fd 
)
LaTeX Font Info:    Font shape `OMS/ptm/m/n' in size <9> not available
(Font)              Font shape `OMS/cmsy/m/n' tried instead on input line 62.
LaTeX Font Info:    Font shape `OT1/ptm/bx/n' in size <10> not available
(Font)              Font shape `OT1/ptm/b/n' tried instead on input line 63.
 (./abstract.tex) (./intro.tex
LaTeX Font Info:    Font shape `OMS/ptm/m/n' in size <10> not available
(Font)              Font shape `OMS/cmsy/m/n' tried instead on input line 12.
 [1{/usr/local/texlive/2017/texmf-var/fonts/map/pdftex/updmap/pdftex.map}



]) (./related.tex
LaTeX Font Info:    Font shape `OT1/ptm/bx/n' in size <10.95> not available
(Font)              Font shape `OT1/ptm/b/n' tried instead on input line 1.
) (./method.tex
Underfull \hbox (badness 1629) in paragraph at lines 1--2
\OT1/ptm/m/n/10 In this work, we de-velop our gen-er-al-ized hi-er-ar-chi-cal
 []

[2] <fig/model.pdf, id=17, 453.05148pt x 482.81459pt>
File: fig/model.pdf Graphic file (type pdf)
 <use fig/model.pdf>
Package pdftex.def Info: fig/model.pdf used on input line 38.
(pdftex.def)             Requested size: 191.51622pt x 204.09209pt.

Underfull \hbox (badness 1043) in paragraph at lines 62--63
[]\OT1/ptm/m/n/10 Furthermore, in Step 4 of the gen-er-a-tive pro-cess of
 []


Overfull \hbox (62.68852pt too wide) detected at line 66
\OML/cmm/m/it/10 p\OT1/cmr/m/n/10 (\OML/cmm/b/it/10 B[]\OMS/cmsy/m/n/10 j\OML/c
mm/b/it/10 z[]\OML/cmm/m/it/10 ; \OML/cmm/b/it/10 S\OML/cmm/m/it/10 ; ^^N[]\OT1
/cmr/m/n/10 ) = [] \OML/cmm/m/it/10 p\OT1/cmr/m/n/10 (\OML/cmm/b/it/10 B[]\OMS/
cmsy/m/n/10 j\OML/cmm/b/it/10 S[]\OML/cmm/m/it/10 ; ^^N[]\OT1/cmr/m/n/10 )[] = 
[] \OMS/cmsy/m/n/10 N\OT1/cmr/m/n/10 (\OML/cmm/b/it/10 B[]\OT1/cmr/m/n/10 ; \OM
L/cmm/b/it/10 S[]\OML/cmm/m/it/10 ; ^^N[]\OT1/cmr/bx/n/10 I\OT1/cmr/m/n/10 )[]
 []

[3 <./fig/model.pdf>]
Overfull \hbox (81.60435pt too wide) in paragraph at lines 165--165
[] 
 []

[4]
Overfull \hbox (58.51701pt too wide) in paragraph at lines 198--198
[] 
 []


Overfull \hbox (35.7811pt too wide) in paragraph at lines 228--228
[] 
 []


Underfull \hbox (badness 3108) in paragraph at lines 240--241
 \OT1/ptm/b/n/10 Sum-mary \OT1/ptm/m/n/10 The pa-ram-e-ter es-ti-ma-tion method
 for the
 []

LaTeX Font Info:    Font shape `OT1/ptm/bx/n' in size <9> not available
(Font)              Font shape `OT1/ptm/b/n' tried instead on input line 246.
Missing character: There is no ï in font cmr10!
Missing character: There is no ¼ in font cmr10!
Missing character: There is no Œ in font cmr10!

Underfull \hbox (badness 10000) in paragraph at lines 253--254
[] \OT1/ptm/m/n/10 M-step: es-ti-mate
 []


Underfull \hbox (badness 10000) in paragraph at lines 253--254
\OMS/cmsy/m/n/10 f\OML/cmm/b/it/10 U[]\OMS/cmsy/m/n/10 g\OML/cmm/m/it/10 ; \OMS
/cmsy/m/n/10 f\OML/cmm/b/it/10 B[]\OMS/cmsy/m/n/10 g\OML/cmm/m/it/10 ; \OMS/cms
y/m/n/10 f\OML/cmm/b/it/10 S[]\OMS/cmsy/m/n/10 g\OML/cmm/m/it/10 ; \OML/cmm/b/i
t/10 w\OML/cmm/m/it/10 ; \OML/cmm/b/it/10 ^^R\OML/cmm/m/it/10 ; ^^N[]; ^^N[]; ^
^N[]; ^^N[]^^X[]$ \OT1/ptm/m/n/10 by eq.(11[])
 []

) (./experiment.tex [5]

LaTeX Font Warning: Command \scriptsize invalid in math mode on input line 36.


Underfull \hbox (badness 1946) in paragraph at lines 36--37
[]\OT1/ptm/b/n/10 Product Pop-u-lar-ity \OT1/ptm/m/n/10 (POP): prod-uct pop-u-l
ar-ity is a
 []


Underfull \hbox (badness 1502) in paragraph at lines 36--37
\OT1/ptm/m/n/10 In gen-eral, cus-tomers have pref-er-ence for a par-tic-u-lar
 []


Underfull \hbox (badness 10000) in paragraph at lines 36--37

 []


Underfull \hbox (badness 1082) in paragraph at lines 38--39
[]\OT1/ptm/b/n/10 Product Cat-e-gory \OT1/ptm/m/n/10 (CID): In e-commerce, item
s are
 []


Underfull \hbox (badness 10000) in paragraph at lines 38--39

 []

[6]
Underfull \hbox (badness 1688) in paragraph at lines 40--41
\OT1/ptm/m/n/10 lan-guages in-di-cat-ing the item func-tion-al-ity and util-ity
.
 []


Underfull \hbox (badness 10000) in paragraph at lines 40--41

 []


Underfull \hbox (badness 2717) in paragraph at lines 42--43
[]\OT1/ptm/b/n/10 Product Prop-erty Fea-tures \OT1/ptm/m/n/10 (PROP): other pro
d-uct
 []


Underfull \hbox (badness 10000) in paragraph at lines 42--43

 []

<fig/legend.pdf, id=116, 316.72096pt x 13.53299pt>
File: fig/legend.pdf Graphic file (type pdf)
 <use fig/legend.pdf>
Package pdftex.def Info: fig/legend.pdf used on input line 66.
(pdftex.def)             Requested size: 354.12144pt x 15.13101pt.

<fig/F1-score_jd.pdf, id=117, 340.33098pt x 189.66742pt>
File: fig/F1-score_jd.pdf Graphic file (type pdf)

<use fig/F1-score_jd.pdf>
Package pdftex.def Info: fig/F1-score_jd.pdf used on input line 71.
(pdftex.def)             Requested size: 161.8885pt x 90.22029pt.

<fig/precision_jd.pdf, id=118, 341.2891pt x 188.02946pt>
File: fig/precision_jd.pdf Graphic file (type pdf)

<use fig/precision_jd.pdf>
Package pdftex.def Info: fig/precision_jd.pdf used on input line 76.
(pdftex.def)             Requested size: 161.8885pt x 89.19154pt.

<fig/recall_jd.pdf, id=119, 340.39565pt x 192.3457pt>
File: fig/recall_jd.pdf Graphic file (type pdf)
 <use fig/recall_jd.pdf>
Package pdftex.def Info: fig/recall_jd.pdf used on input line 81.
(pdftex.def)             Requested size: 161.8885pt x 91.47668pt.

<fig/F1-score_music.pdf, id=120, 339.21353pt x 188.07193pt>
File: fig/F1-score_music.pdf Graphic file (type pdf)

<use fig/F1-score_music.pdf>
Package pdftex.def Info: fig/F1-score_music.pdf used on input line 90.
(pdftex.def)             Requested size: 161.8885pt x 89.75693pt.

<fig/precision_music.pdf, id=121, 341.40794pt x 188.15845pt>
File: fig/precision_music.pdf Graphic file (type pdf)

<use fig/precision_music.pdf>
Package pdftex.def Info: fig/precision_music.pdf used on input line 95.
(pdftex.def)             Requested size: 161.8885pt x 89.21828pt.

<fig/recall_music.pdf, id=122, 340.77989pt x 190.20486pt>
File: fig/recall_music.pdf Graphic file (type pdf)

<use fig/recall_music.pdf>
Package pdftex.def Info: fig/recall_music.pdf used on input line 100.
(pdftex.def)             Requested size: 161.8885pt x 90.35985pt.
 <fig/1feature_lik.pdf, id=123, 361.35pt x 216.81pt>
File: fig/1feature_lik.pdf Graphic file (type pdf)

<use fig/1feature_lik.pdf>
Package pdftex.def Info: fig/1feature_lik.pdf used on input line 109.
(pdftex.def)             Requested size: 117.30455pt x 70.38301pt.

<fig/2feature_lik.pdf, id=124, 363.3575pt x 214.8025pt>
File: fig/2feature_lik.pdf Graphic file (type pdf)

<use fig/2feature_lik.pdf>
Package pdftex.def Info: fig/2feature_lik.pdf used on input line 112.
(pdftex.def)             Requested size: 117.30455pt x 69.34456pt.

<fig/3feature_lik.pdf, id=125, 360.34625pt x 215.80624pt>
File: fig/3feature_lik.pdf Graphic file (type pdf)

<use fig/3feature_lik.pdf>
Package pdftex.def Info: fig/3feature_lik.pdf used on input line 116.
(pdftex.def)             Requested size: 117.30455pt x 70.25145pt.

<fig/4feature_lik.pdf, id=126, 360.34625pt x 216.81pt>
File: fig/4feature_lik.pdf Graphic file (type pdf)

<use fig/4feature_lik.pdf>
Package pdftex.def Info: fig/4feature_lik.pdf used on input line 119.
(pdftex.def)             Requested size: 117.30455pt x 70.5782pt.

Overfull \hbox (27.43822pt too wide) in paragraph at lines 151--152
 [] 
 []

<fig/brand_tsne.pdf, id=127, 555.07375pt x 339.2675pt>
File: fig/brand_tsne.pdf Graphic file (type pdf)

<use fig/brand_tsne.pdf>
Package pdftex.def Info: fig/brand_tsne.pdf used on input line 164.
(pdftex.def)             Requested size: 138.84431pt x 85.35504pt.

<fig/style-brand.pdf, id=128, 547.04375pt x 657.45625pt>
File: fig/style-brand.pdf Graphic file (type pdf)

<use fig/style-brand.pdf>
Package pdftex.def Info: fig/style-brand.pdf used on input line 165.
(pdftex.def)             Requested size: 93.36348pt x 113.80257pt.
 [7]
Overfull \hbox (27.43822pt too wide) in paragraph at lines 200--201
 [] 
 []

) (./conclusion.tex)
Underfull \vbox (badness 10000) has occurred while \output is active []

 [8 <./fig/legend.pdf> <./fig/F1-score_jd.pdf> <./fig/precision_jd.pdf> <./fig/
recall_jd.pdf> <./fig/F1-score_music.pdf> <./fig/precision_music.pdf> <./fig/re
call_music.pdf> <./fig/1feature_lik.pdf> <./fig/2feature_lik.pdf> <./fig/3featu
re_lik.pdf> <./fig/4feature_lik.pdf> <./fig/brand_tsne.pdf> <./fig/style-brand.
pdf>]
(./aaai2019-rane.bbl
Underfull \hbox (badness 1158) in paragraph at lines 178--185
[]\OT1/ptm/m/n/10 Rendle, S.; Freuden-thaler, C.; and Schmidt-Thieme, L.
 []


Underfull \hbox (badness 1194) in paragraph at lines 212--218
\OT1/ptm/m/n/10 Item-based col-lab-o-ra-tive fil-ter-ing rec-om-men-da-tion al-
go-
 []

[9]) [10

] (./aaai2019-rane.aux) )
(\end occurred inside a group at level 1)

### simple group (level 1) entered at line 3 ({)
### bottom level 
Here is how much of TeX's memory you used:
 7194 strings out of 492995
 108627 string characters out of 6132704
 203849 words of memory out of 5000000
 10497 multiletter control sequences out of 15000+600000
 35458 words of font info for 82 fonts, out of 8000000 for 9000
 1141 hyphenation exceptions out of 8191
 61i,17n,96p,1637b,473s stack positions out of 5000i,500n,10000p,200000b,80000s
{/usr/local/texlive/2017/texmf-dist/fonts/enc/dvips/base/8r.enc
}</usr/local/texlive/2017/texmf-dist/fonts/type1/public/amsfonts/cm/cmbx10.pfb>
</usr/local/texlive/2017/texmf-dist/fonts/type1/public/amsfonts/cm/cmbx5.pfb></
usr/local/texlive/2017/texmf-dist/fonts/type1/public/amsfonts/cm/cmbx7.pfb></us
r/local/texlive/2017/texmf-dist/fonts/type1/public/amsfonts/cm/cmex10.pfb></usr
/local/texlive/2017/texmf-dist/fonts/type1/public/amsfonts/cm/cmmi10.pfb></usr/
local/texlive/2017/texmf-dist/fonts/type1/public/amsfonts/cm/cmmi5.pfb></usr/lo
cal/texlive/2017/texmf-dist/fonts/type1/public/amsfonts/cm/cmmi7.pfb></usr/loca
l/texlive/2017/texmf-dist/fonts/type1/public/amsfonts/cm/cmmib10.pfb></usr/loca
l/texlive/2017/texmf-dist/fonts/type1/public/amsfonts/cmextra/cmmib7.pfb></usr/
local/texlive/2017/texmf-dist/fonts/type1/public/amsfonts/cm/cmr10.pfb></usr/lo
cal/texlive/2017/texmf-dist/fonts/type1/public/amsfonts/cm/cmr7.pfb></usr/local
/texlive/2017/texmf-dist/fonts/type1/public/amsfonts/cm/cmsy10.pfb></usr/local/
texlive/2017/texmf-dist/fonts/type1/public/amsfonts/cm/cmsy5.pfb></usr/local/te
xlive/2017/texmf-dist/fonts/type1/public/amsfonts/cm/cmsy7.pfb></usr/local/texl
ive/2017/texmf-dist/fonts/type1/public/amsfonts/cm/cmsy9.pfb></usr/local/texliv
e/2017/texmf-dist/fonts/type1/public/amsfonts/symbols/msbm10.pfb></usr/local/te
xlive/2017/texmf-dist/fonts/type1/public/amsfonts/symbols/msbm7.pfb></usr/local
/texlive/2017/texmf-dist/fonts/type1/urw/times/utmb8a.pfb></usr/local/texlive/2
017/texmf-dist/fonts/type1/urw/times/utmr8a.pfb></usr/local/texlive/2017/texmf-
dist/fonts/type1/urw/times/utmri8a.pfb>
Output written on aaai2019-rane.pdf (10 pages, 2718223 bytes).
PDF statistics:
 515 PDF objects out of 1000 (max. 8388607)
 356 compressed objects within 4 object streams
 0 named destinations out of 1000 (max. 500000)
 71 words of extra memory for PDF output out of 10000 (max. 10000000)

